<?xml version="1.0" encoding="UTF-8"?>
<!-- Generated by org.testng.reporters.JUnitReportReporter -->
<testsuite hostname="DESKTOP-PC" failures="0" tests="1" name="com.autom.qa.test.Cartpagetest" time="107.496" errors="0" timestamp="2024-02-23T15:47:15 IST" skipped="0">
  <testcase classname="com.autom.qa.test.Cartpagetest" name="validateaddtocart" time="107.496"/>
</testsuite> <!-- com.autom.qa.test.Cartpagetest -->
