<?xml version="1.0" encoding="UTF-8"?>
<!-- Generated by org.testng.reporters.JUnitReportReporter -->
<testsuite hostname="DESKTOP-PC" failures="0" tests="1" name="com.autom.qa.test.Registerpagetest" time="74.230" errors="0" timestamp="2024-02-24T12:32:24 IST" skipped="0">
  <testcase classname="com.autom.qa.test.Registerpagetest" name="createuser" time="74.230"/>
</testsuite> <!-- com.autom.qa.test.Registerpagetest -->
