<?xml version="1.0" encoding="UTF-8"?>
<!-- Generated by org.testng.reporters.JUnitReportReporter -->
<testsuite hostname="DESKTOP-PC" failures="0" tests="1" name="com.autom.qa.test.Menupagetest" time="51.931" errors="0" timestamp="2024-02-19T16:39:00 IST" skipped="0">
  <testcase classname="com.autom.qa.test.Menupagetest" name="validateProduct" time="51.931"/>
</testsuite> <!-- com.autom.qa.test.Menupagetest -->
