<?xml version="1.0" encoding="UTF-8"?>
<!-- Generated by org.testng.reporters.JUnitReportReporter -->
<testsuite hostname="DESKTOP-PC" failures="0" tests="1" name="com.autom.qa.test.Produuctpagetest" time="55.845" errors="0" timestamp="2024-02-20T15:03:59 IST" skipped="0">
  <testcase classname="com.autom.qa.test.Produuctpagetest" name="validateaddtocart" time="55.845"/>
</testsuite> <!-- com.autom.qa.test.Produuctpagetest -->
